<?xml version="1.0" encoding="UTF-8"?>
<!-- Generated by org.testng.reporters.JUnitReportReporter -->
<testsuite skipped="0" hostname="user" name="com.test" tests="1" failures="0" timestamp="20 Oct 2019 09:04:06 GMT" time="0.010" errors="0">
  <testcase name="test" time="0.010" classname="com.test"/>
</testsuite> <!-- com.test -->
